cl : Command line warning D9028: minimal rebuild failure, reverting to normal build
  main.cpp
c:\users\james\documents\visual studio 2015\projects\bge-master\dependencies\bullet3\src\linearmath\btidebugdraw.h(169): warning C4305: 'argument': truncation from 'double' to 'const btScalar'
c:\users\james\documents\visual studio 2015\projects\bge-master\dependencies\bullet3\src\linearmath\btidebugdraw.h(170): warning C4305: 'argument': truncation from 'double' to 'const btScalar'
c:\users\james\documents\visual studio 2015\projects\bge-master\dependencies\bullet3\src\linearmath\btidebugdraw.h(171): warning C4305: 'argument': truncation from 'double' to 'const btScalar'
LINK : warning LNK4075: ignoring '/INCREMENTAL' due to '/PROFILE' specification
AirHockeyFactory.obj : warning LNK4075: ignoring '/EDITANDCONTINUE' due to '/OPT:LBR' specification
LIBCMTD.lib(initializers.obj) : warning LNK4098: defaultlib 'msvcrt.lib' conflicts with use of other libs; use /NODEFAULTLIB:library
SDL2main.lib(SDL_windows_main.obj) : warning LNK4217: locally defined symbol _exit imported in function _main
SDL2main.lib(SDL_windows_main.obj) : warning LNK4217: locally defined symbol _fprintf imported in function _ShowError
SDL2main.lib(SDL_windows_main.obj) : warning LNK4217: locally defined symbol ___iob_func imported in function _ShowError
XBoxController.obj : warning LNK4099: PDB 'vc140.pdb' was not found with 'XBoxController.obj' or at 'C:\Users\james\Documents\Visual Studio 2015\Projects\BGE-master\Debug\vc140.pdb'; linking object as if no debug info
VRGame2.obj : warning LNK4099: PDB 'vc140.pdb' was not found with 'VRGame2.obj' or at 'C:\Users\james\Documents\Visual Studio 2015\Projects\BGE-master\Debug\vc140.pdb'; linking object as if no debug info
VectorDrawer.obj : warning LNK4099: PDB 'vc140.pdb' was not found with 'VectorDrawer.obj' or at 'C:\Users\james\Documents\Visual Studio 2015\Projects\BGE-master\Debug\vc140.pdb'; linking object as if no debug info
TriangleTest.obj : warning LNK4099: PDB 'vc140.pdb' was not found with 'TriangleTest.obj' or at 'C:\Users\james\Documents\Visual Studio 2015\Projects\BGE-master\Debug\vc140.pdb'; linking object as if no debug info
TexturedCube.obj : warning LNK4099: PDB 'vc140.pdb' was not found with 'TexturedCube.obj' or at 'C:\Users\james\Documents\Visual Studio 2015\Projects\BGE-master\Debug\vc140.pdb'; linking object as if no debug info
SteeringControler.obj : warning LNK4099: PDB 'vc140.pdb' was not found with 'SteeringControler.obj' or at 'C:\Users\james\Documents\Visual Studio 2015\Projects\BGE-master\Debug\vc140.pdb'; linking object as if no debug info
Sphere.obj : warning LNK4099: PDB 'vc140.pdb' was not found with 'Sphere.obj' or at 'C:\Users\james\Documents\Visual Studio 2015\Projects\BGE-master\Debug\vc140.pdb'; linking object as if no debug info
Steerable3DController.obj : warning LNK4099: PDB 'vc140.pdb' was not found with 'Steerable3DController.obj' or at 'C:\Users\james\Documents\Visual Studio 2015\Projects\BGE-master\Debug\vc140.pdb'; linking object as if no debug info
SoundSystem.obj : warning LNK4099: PDB 'vc140.pdb' was not found with 'SoundSystem.obj' or at 'C:\Users\james\Documents\Visual Studio 2015\Projects\BGE-master\Debug\vc140.pdb'; linking object as if no debug info
RiftController.obj : warning LNK4099: PDB 'vc140.pdb' was not found with 'RiftController.obj' or at 'C:\Users\james\Documents\Visual Studio 2015\Projects\BGE-master\Debug\vc140.pdb'; linking object as if no debug info
PhysicsController.obj : warning LNK4099: PDB 'vc140.pdb' was not found with 'PhysicsController.obj' or at 'C:\Users\james\Documents\Visual Studio 2015\Projects\BGE-master\Debug\vc140.pdb'; linking object as if no debug info
PhysicsGame1.obj : warning LNK4099: PDB 'vc140.pdb' was not found with 'PhysicsGame1.obj' or at 'C:\Users\james\Documents\Visual Studio 2015\Projects\BGE-master\Debug\vc140.pdb'; linking object as if no debug info
PhysicsFactory.obj : warning LNK4099: PDB 'vc140.pdb' was not found with 'PhysicsFactory.obj' or at 'C:\Users\james\Documents\Visual Studio 2015\Projects\BGE-master\Debug\vc140.pdb'; linking object as if no debug info
PhysicsCamera.obj : warning LNK4099: PDB 'vc140.pdb' was not found with 'PhysicsCamera.obj' or at 'C:\Users\james\Documents\Visual Studio 2015\Projects\BGE-master\Debug\vc140.pdb'; linking object as if no debug info
Params.obj : warning LNK4099: PDB 'vc140.pdb' was not found with 'Params.obj' or at 'C:\Users\james\Documents\Visual Studio 2015\Projects\BGE-master\Debug\vc140.pdb'; linking object as if no debug info
MotionState.obj : warning LNK4099: PDB 'vc140.pdb' was not found with 'MotionState.obj' or at 'C:\Users\james\Documents\Visual Studio 2015\Projects\BGE-master\Debug\vc140.pdb'; linking object as if no debug info
ModelTest.obj : warning LNK4099: PDB 'vc140.pdb' was not found with 'ModelTest.obj' or at 'C:\Users\james\Documents\Visual Studio 2015\Projects\BGE-master\Debug\vc140.pdb'; linking object as if no debug info
Model.obj : warning LNK4099: PDB 'vc140.pdb' was not found with 'Model.obj' or at 'C:\Users\james\Documents\Visual Studio 2015\Projects\BGE-master\Debug\vc140.pdb'; linking object as if no debug info
LineDrawer.obj : warning LNK4099: PDB 'vc140.pdb' was not found with 'LineDrawer.obj' or at 'C:\Users\james\Documents\Visual Studio 2015\Projects\BGE-master\Debug\vc140.pdb'; linking object as if no debug info
KinematicMotionState.obj : warning LNK4099: PDB 'vc140.pdb' was not found with 'KinematicMotionState.obj' or at 'C:\Users\james\Documents\Visual Studio 2015\Projects\BGE-master\Debug\vc140.pdb'; linking object as if no debug info
Ground.obj : warning LNK4099: PDB 'vc140.pdb' was not found with 'Ground.obj' or at 'C:\Users\james\Documents\Visual Studio 2015\Projects\BGE-master\Debug\vc140.pdb'; linking object as if no debug info
GameComponent.obj : warning LNK4099: PDB 'vc140.pdb' was not found with 'GameComponent.obj' or at 'C:\Users\james\Documents\Visual Studio 2015\Projects\BGE-master\Debug\vc140.pdb'; linking object as if no debug info
Game.obj : warning LNK4099: PDB 'vc140.pdb' was not found with 'Game.obj' or at 'C:\Users\james\Documents\Visual Studio 2015\Projects\BGE-master\Debug\vc140.pdb'; linking object as if no debug info
FPSController.obj : warning LNK4099: PDB 'vc140.pdb' was not found with 'FPSController.obj' or at 'C:\Users\james\Documents\Visual Studio 2015\Projects\BGE-master\Debug\vc140.pdb'; linking object as if no debug info
Cylinder.obj : warning LNK4099: PDB 'vc140.pdb' was not found with 'Cylinder.obj' or at 'C:\Users\james\Documents\Visual Studio 2015\Projects\BGE-master\Debug\vc140.pdb'; linking object as if no debug info
CubeTest.obj : warning LNK4099: PDB 'vc140.pdb' was not found with 'CubeTest.obj' or at 'C:\Users\james\Documents\Visual Studio 2015\Projects\BGE-master\Debug\vc140.pdb'; linking object as if no debug info
Content.obj : warning LNK4099: PDB 'vc140.pdb' was not found with 'Content.obj' or at 'C:\Users\james\Documents\Visual Studio 2015\Projects\BGE-master\Debug\vc140.pdb'; linking object as if no debug info
Camera.obj : warning LNK4099: PDB 'vc140.pdb' was not found with 'Camera.obj' or at 'C:\Users\james\Documents\Visual Studio 2015\Projects\BGE-master\Debug\vc140.pdb'; linking object as if no debug info
Box.obj : warning LNK4099: PDB 'vc140.pdb' was not found with 'Box.obj' or at 'C:\Users\james\Documents\Visual Studio 2015\Projects\BGE-master\Debug\vc140.pdb'; linking object as if no debug info
Exception.obj : warning LNK4099: PDB 'vc140.pdb' was not found with 'Exception.obj' or at 'C:\Users\james\Documents\Visual Studio 2015\Projects\BGE-master\Debug\vc140.pdb'; linking object as if no debug info
Utils.obj : warning LNK4099: PDB 'vc140.pdb' was not found with 'Utils.obj' or at 'C:\Users\james\Documents\Visual Studio 2015\Projects\BGE-master\Debug\vc140.pdb'; linking object as if no debug info
Transform.obj : warning LNK4099: PDB 'vc140.pdb' was not found with 'Transform.obj' or at 'C:\Users\james\Documents\Visual Studio 2015\Projects\BGE-master\Debug\vc140.pdb'; linking object as if no debug info
SteeringGame.obj : warning LNK4099: PDB 'vc140.pdb' was not found with 'SteeringGame.obj' or at 'C:\Users\james\Documents\Visual Studio 2015\Projects\BGE-master\Debug\vc140.pdb'; linking object as if no debug info
Steerable2DController.obj : warning LNK4099: PDB 'vc140.pdb' was not found with 'Steerable2DController.obj' or at 'C:\Users\james\Documents\Visual Studio 2015\Projects\BGE-master\Debug\vc140.pdb'; linking object as if no debug info
State.obj : warning LNK4099: PDB 'vc140.pdb' was not found with 'State.obj' or at 'C:\Users\james\Documents\Visual Studio 2015\Projects\BGE-master\Debug\vc140.pdb'; linking object as if no debug info
SnowEffect.obj : warning LNK4099: PDB 'vc140.pdb' was not found with 'SnowEffect.obj' or at 'C:\Users\james\Documents\Visual Studio 2015\Projects\BGE-master\Debug\vc140.pdb'; linking object as if no debug info
SkeletonMapper.obj : warning LNK4099: PDB 'vc140.pdb' was not found with 'SkeletonMapper.obj' or at 'C:\Users\james\Documents\Visual Studio 2015\Projects\BGE-master\Debug\vc140.pdb'; linking object as if no debug info
SceneGraphGame.obj : warning LNK4099: PDB 'vc140.pdb' was not found with 'SceneGraphGame.obj' or at 'C:\Users\james\Documents\Visual Studio 2015\Projects\BGE-master\Debug\vc140.pdb'; linking object as if no debug info
Scenario.obj : warning LNK4099: PDB 'vc140.pdb' was not found with 'Scenario.obj' or at 'C:\Users\james\Documents\Visual Studio 2015\Projects\BGE-master\Debug\vc140.pdb'; linking object as if no debug info
Route.obj : warning LNK4099: PDB 'vc140.pdb' was not found with 'Route.obj' or at 'C:\Users\james\Documents\Visual Studio 2015\Projects\BGE-master\Debug\vc140.pdb'; linking object as if no debug info
PhysicsDrawer.obj : warning LNK4099: PDB 'vc140.pdb' was not found with 'PhysicsDrawer.obj' or at 'C:\Users\james\Documents\Visual Studio 2015\Projects\BGE-master\Debug\vc140.pdb'; linking object as if no debug info
Person2.obj : warning LNK4099: PDB 'vc140.pdb' was not found with 'Person2.obj' or at 'C:\Users\james\Documents\Visual Studio 2015\Projects\BGE-master\Debug\vc140.pdb'; linking object as if no debug info
PathFollowingScenario.obj : warning LNK4099: PDB 'vc140.pdb' was not found with 'PathFollowingScenario.obj' or at 'C:\Users\james\Documents\Visual Studio 2015\Projects\BGE-master\Debug\vc140.pdb'; linking object as if no debug info
ParticleEffect.obj : warning LNK4099: PDB 'vc140.pdb' was not found with 'ParticleEffect.obj' or at 'C:\Users\james\Documents\Visual Studio 2015\Projects\BGE-master\Debug\vc140.pdb'; linking object as if no debug info
Particle.obj : warning LNK4099: PDB 'vc140.pdb' was not found with 'Particle.obj' or at 'C:\Users\james\Documents\Visual Studio 2015\Projects\BGE-master\Debug\vc140.pdb'; linking object as if no debug info
ObstacleAvoidanceScenario.obj : warning LNK4099: PDB 'vc140.pdb' was not found with 'ObstacleAvoidanceScenario.obj' or at 'C:\Users\james\Documents\Visual Studio 2015\Projects\BGE-master\Debug\vc140.pdb'; linking object as if no debug info
LeapHands.obj : warning LNK4099: PDB 'vc140.pdb' was not found with 'LeapHands.obj' or at 'C:\Users\james\Documents\Visual Studio 2015\Projects\BGE-master\Debug\vc140.pdb'; linking object as if no debug info
LazerBeam.obj : warning LNK4099: PDB 'vc140.pdb' was not found with 'LazerBeam.obj' or at 'C:\Users\james\Documents\Visual Studio 2015\Projects\BGE-master\Debug\vc140.pdb'; linking object as if no debug info
Lab8.obj : warning LNK4099: PDB 'vc140.pdb' was not found with 'Lab8.obj' or at 'C:\Users\james\Documents\Visual Studio 2015\Projects\BGE-master\Debug\vc140.pdb'; linking object as if no debug info
Lab7.obj : warning LNK4099: PDB 'vc140.pdb' was not found with 'Lab7.obj' or at 'C:\Users\james\Documents\Visual Studio 2015\Projects\BGE-master\Debug\vc140.pdb'; linking object as if no debug info
Lab6.obj : warning LNK4099: PDB 'vc140.pdb' was not found with 'Lab6.obj' or at 'C:\Users\james\Documents\Visual Studio 2015\Projects\BGE-master\Debug\vc140.pdb'; linking object as if no debug info
Lab4.obj : warning LNK4099: PDB 'vc140.pdb' was not found with 'Lab4.obj' or at 'C:\Users\james\Documents\Visual Studio 2015\Projects\BGE-master\Debug\vc140.pdb'; linking object as if no debug info
Lab3.obj : warning LNK4099: PDB 'vc140.pdb' was not found with 'Lab3.obj' or at 'C:\Users\james\Documents\Visual Studio 2015\Projects\BGE-master\Debug\vc140.pdb'; linking object as if no debug info
KinectAudioStream.obj : warning LNK4099: PDB 'vc140.pdb' was not found with 'KinectAudioStream.obj' or at 'C:\Users\james\Documents\Visual Studio 2015\Projects\BGE-master\Debug\vc140.pdb'; linking object as if no debug info
IdleState.obj : warning LNK4099: PDB 'vc140.pdb' was not found with 'IdleState.obj' or at 'C:\Users\james\Documents\Visual Studio 2015\Projects\BGE-master\Debug\vc140.pdb'; linking object as if no debug info
GravityController.obj : warning LNK4099: PDB 'vc140.pdb' was not found with 'GravityController.obj' or at 'C:\Users\james\Documents\Visual Studio 2015\Projects\BGE-master\Debug\vc140.pdb'; linking object as if no debug info
FountainEffect.obj : warning LNK4099: PDB 'vc140.pdb' was not found with 'FountainEffect.obj' or at 'C:\Users\james\Documents\Visual Studio 2015\Projects\BGE-master\Debug\vc140.pdb'; linking object as if no debug info
FlockingScenario.obj : warning LNK4099: PDB 'vc140.pdb' was not found with 'FlockingScenario.obj' or at 'C:\Users\james\Documents\Visual Studio 2015\Projects\BGE-master\Debug\vc140.pdb'; linking object as if no debug info
Capsule.obj : warning LNK4099: PDB 'vc140.pdb' was not found with 'Capsule.obj' or at 'C:\Users\james\Documents\Visual Studio 2015\Projects\BGE-master\Debug\vc140.pdb'; linking object as if no debug info
Buddha.obj : warning LNK4099: PDB 'vc140.pdb' was not found with 'Buddha.obj' or at 'C:\Users\james\Documents\Visual Studio 2015\Projects\BGE-master\Debug\vc140.pdb'; linking object as if no debug info
AttackingState.obj : warning LNK4099: PDB 'vc140.pdb' was not found with 'AttackingState.obj' or at 'C:\Users\james\Documents\Visual Studio 2015\Projects\BGE-master\Debug\vc140.pdb'; linking object as if no debug info
Assignment.obj : warning LNK4099: PDB 'vc140.pdb' was not found with 'Assignment.obj' or at 'C:\Users\james\Documents\Visual Studio 2015\Projects\BGE-master\Debug\vc140.pdb'; linking object as if no debug info
AirHockeyFactory.obj : warning LNK4099: PDB 'vc140.pdb' was not found with 'AirHockeyFactory.obj' or at 'C:\Users\james\Documents\Visual Studio 2015\Projects\BGE-master\Debug\vc140.pdb'; linking object as if no debug info
BulletCollision_vs2010_debug.lib(btAxisSweep3.obj) : warning LNK4099: PDB 'BulletCollision_vs2010_debug.pdb' was not found with 'BulletCollision_vs2010_debug.lib(btAxisSweep3.obj)' or at 'C:\Users\james\Documents\Visual Studio 2015\Projects\BGE-master\Debug\BulletCollision_vs2010_debug.pdb'; linking object as if no debug info
BulletCollision_vs2010_debug.lib(btCollisionAlgorithm.obj) : warning LNK4099: PDB 'BulletCollision_vs2010_debug.pdb' was not found with 'BulletCollision_vs2010_debug.lib(btCollisionAlgorithm.obj)' or at 'C:\Users\james\Documents\Visual Studio 2015\Projects\BGE-master\Debug\BulletCollision_vs2010_debug.pdb'; linking object as if no debug info
BulletCollision_vs2010_debug.lib(btDbvt.obj) : warning LNK4099: PDB 'BulletCollision_vs2010_debug.pdb' was not found with 'BulletCollision_vs2010_debug.lib(btDbvt.obj)' or at 'C:\Users\james\Documents\Visual Studio 2015\Projects\BGE-master\Debug\BulletCollision_vs2010_debug.pdb'; linking object as if no debug info
BulletCollision_vs2010_debug.lib(btDbvtBroadphase.obj) : warning LNK4099: PDB 'BulletCollision_vs2010_debug.pdb' was not found with 'BulletCollision_vs2010_debug.lib(btDbvtBroadphase.obj)' or at 'C:\Users\james\Documents\Visual Studio 2015\Projects\BGE-master\Debug\BulletCollision_vs2010_debug.pdb'; linking object as if no debug info
BulletCollision_vs2010_debug.lib(btDispatcher.obj) : warning LNK4099: PDB 'BulletCollision_vs2010_debug.pdb' was not found with 'BulletCollision_vs2010_debug.lib(btDispatcher.obj)' or at 'C:\Users\james\Documents\Visual Studio 2015\Projects\BGE-master\Debug\BulletCollision_vs2010_debug.pdb'; linking object as if no debug info
BulletCollision_vs2010_debug.lib(btOverlappingPairCache.obj) : warning LNK4099: PDB 'BulletCollision_vs2010_debug.pdb' was not found with 'BulletCollision_vs2010_debug.lib(btOverlappingPairCache.obj)' or at 'C:\Users\james\Documents\Visual Studio 2015\Projects\BGE-master\Debug\BulletCollision_vs2010_debug.pdb'; linking object as if no debug info
BulletCollision_vs2010_debug.lib(btQuantizedBvh.obj) : warning LNK4099: PDB 'BulletCollision_vs2010_debug.pdb' was not found with 'BulletCollision_vs2010_debug.lib(btQuantizedBvh.obj)' or at 'C:\Users\james\Documents\Visual Studio 2015\Projects\BGE-master\Debug\BulletCollision_vs2010_debug.pdb'; linking object as if no debug info
BulletCollision_vs2010_debug.lib(btActivatingCollisionAlgorithm.obj) : warning LNK4099: PDB 'BulletCollision_vs2010_debug.pdb' was not found with 'BulletCollision_vs2010_debug.lib(btActivatingCollisionAlgorithm.obj)' or at 'C:\Users\james\Documents\Visual Studio 2015\Projects\BGE-master\Debug\BulletCollision_vs2010_debug.pdb'; linking object as if no debug info
BulletCollision_vs2010_debug.lib(btBoxBoxCollisionAlgorithm.obj) : warning LNK4099: PDB 'BulletCollision_vs2010_debug.pdb' was not found with 'BulletCollision_vs2010_debug.lib(btBoxBoxCollisionAlgorithm.obj)' or at 'C:\Users\james\Documents\Visual Studio 2015\Projects\BGE-master\Debug\BulletCollision_vs2010_debug.pdb'; linking object as if no debug info
BulletCollision_vs2010_debug.lib(btBoxBoxDetector.obj) : warning LNK4099: PDB 'BulletCollision_vs2010_debug.pdb' was not found with 'BulletCollision_vs2010_debug.lib(btBoxBoxDetector.obj)' or at 'C:\Users\james\Documents\Visual Studio 2015\Projects\BGE-master\Debug\BulletCollision_vs2010_debug.pdb'; linking object as if no debug info
BulletCollision_vs2010_debug.lib(btCollisionDispatcher.obj) : warning LNK4099: PDB 'BulletCollision_vs2010_debug.pdb' was not found with 'BulletCollision_vs2010_debug.lib(btCollisionDispatcher.obj)' or at 'C:\Users\james\Documents\Visual Studio 2015\Projects\BGE-master\Debug\BulletCollision_vs2010_debug.pdb'; linking object as if no debug info
BulletCollision_vs2010_debug.lib(btCollisionObject.obj) : warning LNK4099: PDB 'BulletCollision_vs2010_debug.pdb' was not found with 'BulletCollision_vs2010_debug.lib(btCollisionObject.obj)' or at 'C:\Users\james\Documents\Visual Studio 2015\Projects\BGE-master\Debug\BulletCollision_vs2010_debug.pdb'; linking object as if no debug info
BulletCollision_vs2010_debug.lib(btCollisionWorld.obj) : warning LNK4099: PDB 'BulletCollision_vs2010_debug.pdb' was not found with 'BulletCollision_vs2010_debug.lib(btCollisionWorld.obj)' or at 'C:\Users\james\Documents\Visual Studio 2015\Projects\BGE-master\Debug\BulletCollision_vs2010_debug.pdb'; linking object as if no debug info
BulletCollision_vs2010_debug.lib(btCompoundCollisionAlgorithm.obj) : warning LNK4099: PDB 'BulletCollision_vs2010_debug.pdb' was not found with 'BulletCollision_vs2010_debug.lib(btCompoundCollisionAlgorithm.obj)' or at 'C:\Users\james\Documents\Visual Studio 2015\Projects\BGE-master\Debug\BulletCollision_vs2010_debug.pdb'; linking object as if no debug info
BulletCollision_vs2010_debug.lib(btCompoundCompoundCollisionAlgorithm.obj) : warning LNK4099: PDB 'BulletCollision_vs2010_debug.pdb' was not found with 'BulletCollision_vs2010_debug.lib(btCompoundCompoundCollisionAlgorithm.obj)' or at 'C:\Users\james\Documents\Visual Studio 2015\Projects\BGE-master\Debug\BulletCollision_vs2010_debug.pdb'; linking object as if no debug info
BulletCollision_vs2010_debug.lib(btConvexConcaveCollisionAlgorithm.obj) : warning LNK4099: PDB 'BulletCollision_vs2010_debug.pdb' was not found with 'BulletCollision_vs2010_debug.lib(btConvexConcaveCollisionAlgorithm.obj)' or at 'C:\Users\james\Documents\Visual Studio 2015\Projects\BGE-master\Debug\BulletCollision_vs2010_debug.pdb'; linking object as if no debug info
BulletCollision_vs2010_debug.lib(btConvexConvexAlgorithm.obj) : warning LNK4099: PDB 'BulletCollision_vs2010_debug.pdb' was not found with 'BulletCollision_vs2010_debug.lib(btConvexConvexAlgorithm.obj)' or at 'C:\Users\james\Documents\Visual Studio 2015\Projects\BGE-master\Debug\BulletCollision_vs2010_debug.pdb'; linking object as if no debug info
BulletCollision_vs2010_debug.lib(btConvexPlaneCollisionAlgorithm.obj) : warning LNK4099: PDB 'BulletCollision_vs2010_debug.pdb' was not found with 'BulletCollision_vs2010_debug.lib(btConvexPlaneCollisionAlgorithm.obj)' or at 'C:\Users\james\Documents\Visual Studio 2015\Projects\BGE-master\Debug\BulletCollision_vs2010_debug.pdb'; linking object as if no debug info
BulletCollision_vs2010_debug.lib(btDefaultCollisionConfiguration.obj) : warning LNK4099: PDB 'BulletCollision_vs2010_debug.pdb' was not found with 'BulletCollision_vs2010_debug.lib(btDefaultCollisionConfiguration.obj)' or at 'C:\Users\james\Documents\Visual Studio 2015\Projects\BGE-master\Debug\BulletCollision_vs2010_debug.pdb'; linking object as if no debug info
BulletCollision_vs2010_debug.lib(btEmptyCollisionAlgorithm.obj) : warning LNK4099: PDB 'BulletCollision_vs2010_debug.pdb' was not found with 'BulletCollision_vs2010_debug.lib(btEmptyCollisionAlgorithm.obj)' or at 'C:\Users\james\Documents\Visual Studio 2015\Projects\BGE-master\Debug\BulletCollision_vs2010_debug.pdb'; linking object as if no debug info
BulletCollision_vs2010_debug.lib(btHashedSimplePairCache.obj) : warning LNK4099: PDB 'BulletCollision_vs2010_debug.pdb' was not found with 'BulletCollision_vs2010_debug.lib(btHashedSimplePairCache.obj)' or at 'C:\Users\james\Documents\Visual Studio 2015\Projects\BGE-master\Debug\BulletCollision_vs2010_debug.pdb'; linking object as if no debug info
BulletCollision_vs2010_debug.lib(btManifoldResult.obj) : warning LNK4099: PDB 'BulletCollision_vs2010_debug.pdb' was not found with 'BulletCollision_vs2010_debug.lib(btManifoldResult.obj)' or at 'C:\Users\james\Documents\Visual Studio 2015\Projects\BGE-master\Debug\BulletCollision_vs2010_debug.pdb'; linking object as if no debug info
BulletCollision_vs2010_debug.lib(btSimulationIslandManager.obj) : warning LNK4099: PDB 'BulletCollision_vs2010_debug.pdb' was not found with 'BulletCollision_vs2010_debug.lib(btSimulationIslandManager.obj)' or at 'C:\Users\james\Documents\Visual Studio 2015\Projects\BGE-master\Debug\BulletCollision_vs2010_debug.pdb'; linking object as if no debug info
BulletCollision_vs2010_debug.lib(btSphereSphereCollisionAlgorithm.obj) : warning LNK4099: PDB 'BulletCollision_vs2010_debug.pdb' was not found with 'BulletCollision_vs2010_debug.lib(btSphereSphereCollisionAlgorithm.obj)' or at 'C:\Users\james\Documents\Visual Studio 2015\Projects\BGE-master\Debug\BulletCollision_vs2010_debug.pdb'; linking object as if no debug info
BulletCollision_vs2010_debug.lib(btSphereTriangleCollisionAlgorithm.obj) : warning LNK4099: PDB 'BulletCollision_vs2010_debug.pdb' was not found with 'BulletCollision_vs2010_debug.lib(btSphereTriangleCollisionAlgorithm.obj)' or at 'C:\Users\james\Documents\Visual Studio 2015\Projects\BGE-master\Debug\BulletCollision_vs2010_debug.pdb'; linking object as if no debug info
BulletCollision_vs2010_debug.lib(btUnionFind.obj) : warning LNK4099: PDB 'BulletCollision_vs2010_debug.pdb' was not found with 'BulletCollision_vs2010_debug.lib(btUnionFind.obj)' or at 'C:\Users\james\Documents\Visual Studio 2015\Projects\BGE-master\Debug\BulletCollision_vs2010_debug.pdb'; linking object as if no debug info
BulletCollision_vs2010_debug.lib(SphereTriangleDetector.obj) : warning LNK4099: PDB 'BulletCollision_vs2010_debug.pdb' was not found with 'BulletCollision_vs2010_debug.lib(SphereTriangleDetector.obj)' or at 'C:\Users\james\Documents\Visual Studio 2015\Projects\BGE-master\Debug\BulletCollision_vs2010_debug.pdb'; linking object as if no debug info
BulletCollision_vs2010_debug.lib(btBoxShape.obj) : warning LNK4099: PDB 'BulletCollision_vs2010_debug.pdb' was not found with 'BulletCollision_vs2010_debug.lib(btBoxShape.obj)' or at 'C:\Users\james\Documents\Visual Studio 2015\Projects\BGE-master\Debug\BulletCollision_vs2010_debug.pdb'; linking object as if no debug info
BulletCollision_vs2010_debug.lib(btBvhTriangleMeshShape.obj) : warning LNK4099: PDB 'BulletCollision_vs2010_debug.pdb' was not found with 'BulletCollision_vs2010_debug.lib(btBvhTriangleMeshShape.obj)' or at 'C:\Users\james\Documents\Visual Studio 2015\Projects\BGE-master\Debug\BulletCollision_vs2010_debug.pdb'; linking object as if no debug info
BulletCollision_vs2010_debug.lib(btCapsuleShape.obj) : warning LNK4099: PDB 'BulletCollision_vs2010_debug.pdb' was not found with 'BulletCollision_vs2010_debug.lib(btCapsuleShape.obj)' or at 'C:\Users\james\Documents\Visual Studio 2015\Projects\BGE-master\Debug\BulletCollision_vs2010_debug.pdb'; linking object as if no debug info
BulletCollision_vs2010_debug.lib(btCollisionShape.obj) : warning LNK4099: PDB 'BulletCollision_vs2010_debug.pdb' was not found with 'BulletCollision_vs2010_debug.lib(btCollisionShape.obj)' or at 'C:\Users\james\Documents\Visual Studio 2015\Projects\BGE-master\Debug\BulletCollision_vs2010_debug.pdb'; linking object as if no debug info
BulletCollision_vs2010_debug.lib(btConcaveShape.obj) : warning LNK4099: PDB 'BulletCollision_vs2010_debug.pdb' was not found with 'BulletCollision_vs2010_debug.lib(btConcaveShape.obj)' or at 'C:\Users\james\Documents\Visual Studio 2015\Projects\BGE-master\Debug\BulletCollision_vs2010_debug.pdb'; linking object as if no debug info
BulletCollision_vs2010_debug.lib(btConvexHullShape.obj) : warning LNK4099: PDB 'BulletCollision_vs2010_debug.pdb' was not found with 'BulletCollision_vs2010_debug.lib(btConvexHullShape.obj)' or at 'C:\Users\james\Documents\Visual Studio 2015\Projects\BGE-master\Debug\BulletCollision_vs2010_debug.pdb'; linking object as if no debug info
BulletCollision_vs2010_debug.lib(btConvexInternalShape.obj) : warning LNK4099: PDB 'BulletCollision_vs2010_debug.pdb' was not found with 'BulletCollision_vs2010_debug.lib(btConvexInternalShape.obj)' or at 'C:\Users\james\Documents\Visual Studio 2015\Projects\BGE-master\Debug\BulletCollision_vs2010_debug.pdb'; linking object as if no debug info
BulletCollision_vs2010_debug.lib(btConvexPolyhedron.obj) : warning LNK4099: PDB 'BulletCollision_vs2010_debug.pdb' was not found with 'BulletCollision_vs2010_debug.lib(btConvexPolyhedron.obj)' or at 'C:\Users\james\Documents\Visual Studio 2015\Projects\BGE-master\Debug\BulletCollision_vs2010_debug.pdb'; linking object as if no debug info
BulletCollision_vs2010_debug.lib(btConvexShape.obj) : warning LNK4099: PDB 'BulletCollision_vs2010_debug.pdb' was not found with 'BulletCollision_vs2010_debug.lib(btConvexShape.obj)' or at 'C:\Users\james\Documents\Visual Studio 2015\Projects\BGE-master\Debug\BulletCollision_vs2010_debug.pdb'; linking object as if no debug info
BulletCollision_vs2010_debug.lib(btCylinderShape.obj) : warning LNK4099: PDB 'BulletCollision_vs2010_debug.pdb' was not found with 'BulletCollision_vs2010_debug.lib(btCylinderShape.obj)' or at 'C:\Users\james\Documents\Visual Studio 2015\Projects\BGE-master\Debug\BulletCollision_vs2010_debug.pdb'; linking object as if no debug info
BulletCollision_vs2010_debug.lib(btOptimizedBvh.obj) : warning LNK4099: PDB 'BulletCollision_vs2010_debug.pdb' was not found with 'BulletCollision_vs2010_debug.lib(btOptimizedBvh.obj)' or at 'C:\Users\james\Documents\Visual Studio 2015\Projects\BGE-master\Debug\BulletCollision_vs2010_debug.pdb'; linking object as if no debug info
BulletCollision_vs2010_debug.lib(btPolyhedralConvexShape.obj) : warning LNK4099: PDB 'BulletCollision_vs2010_debug.pdb' was not found with 'BulletCollision_vs2010_debug.lib(btPolyhedralConvexShape.obj)' or at 'C:\Users\james\Documents\Visual Studio 2015\Projects\BGE-master\Debug\BulletCollision_vs2010_debug.pdb'; linking object as if no debug info
BulletCollision_vs2010_debug.lib(btSphereShape.obj) : warning LNK4099: PDB 'BulletCollision_vs2010_debug.pdb' was not found with 'BulletCollision_vs2010_debug.lib(btSphereShape.obj)' or at 'C:\Users\james\Documents\Visual Studio 2015\Projects\BGE-master\Debug\BulletCollision_vs2010_debug.pdb'; linking object as if no debug info
BulletCollision_vs2010_debug.lib(btStaticPlaneShape.obj) : warning LNK4099: PDB 'BulletCollision_vs2010_debug.pdb' was not found with 'BulletCollision_vs2010_debug.lib(btStaticPlaneShape.obj)' or at 'C:\Users\james\Documents\Visual Studio 2015\Projects\BGE-master\Debug\BulletCollision_vs2010_debug.pdb'; linking object as if no debug info
BulletCollision_vs2010_debug.lib(btTriangleCallback.obj) : warning LNK4099: PDB 'BulletCollision_vs2010_debug.pdb' was not found with 'BulletCollision_vs2010_debug.lib(btTriangleCallback.obj)' or at 'C:\Users\james\Documents\Visual Studio 2015\Projects\BGE-master\Debug\BulletCollision_vs2010_debug.pdb'; linking object as if no debug info
BulletCollision_vs2010_debug.lib(btTriangleMeshShape.obj) : warning LNK4099: PDB 'BulletCollision_vs2010_debug.pdb' was not found with 'BulletCollision_vs2010_debug.lib(btTriangleMeshShape.obj)' or at 'C:\Users\james\Documents\Visual Studio 2015\Projects\BGE-master\Debug\BulletCollision_vs2010_debug.pdb'; linking object as if no debug info
BulletCollision_vs2010_debug.lib(btContinuousConvexCollision.obj) : warning LNK4099: PDB 'BulletCollision_vs2010_debug.pdb' was not found with 'BulletCollision_vs2010_debug.lib(btContinuousConvexCollision.obj)' or at 'C:\Users\james\Documents\Visual Studio 2015\Projects\BGE-master\Debug\BulletCollision_vs2010_debug.pdb'; linking object as if no debug info
BulletCollision_vs2010_debug.lib(btConvexCast.obj) : warning LNK4099: PDB 'BulletCollision_vs2010_debug.pdb' was not found with 'BulletCollision_vs2010_debug.lib(btConvexCast.obj)' or at 'C:\Users\james\Documents\Visual Studio 2015\Projects\BGE-master\Debug\BulletCollision_vs2010_debug.pdb'; linking object as if no debug info
BulletCollision_vs2010_debug.lib(btGjkConvexCast.obj) : warning LNK4099: PDB 'BulletCollision_vs2010_debug.pdb' was not found with 'BulletCollision_vs2010_debug.lib(btGjkConvexCast.obj)' or at 'C:\Users\james\Documents\Visual Studio 2015\Projects\BGE-master\Debug\BulletCollision_vs2010_debug.pdb'; linking object as if no debug info
BulletCollision_vs2010_debug.lib(btGjkEpa2.obj) : warning LNK4099: PDB 'BulletCollision_vs2010_debug.pdb' was not found with 'BulletCollision_vs2010_debug.lib(btGjkEpa2.obj)' or at 'C:\Users\james\Documents\Visual Studio 2015\Projects\BGE-master\Debug\BulletCollision_vs2010_debug.pdb'; linking object as if no debug info
BulletCollision_vs2010_debug.lib(btGjkEpaPenetrationDepthSolver.obj) : warning LNK4099: PDB 'BulletCollision_vs2010_debug.pdb' was not found with 'BulletCollision_vs2010_debug.lib(btGjkEpaPenetrationDepthSolver.obj)' or at 'C:\Users\james\Documents\Visual Studio 2015\Projects\BGE-master\Debug\BulletCollision_vs2010_debug.pdb'; linking object as if no debug info
BulletCollision_vs2010_debug.lib(btGjkPairDetector.obj) : warning LNK4099: PDB 'BulletCollision_vs2010_debug.pdb' was not found with 'BulletCollision_vs2010_debug.lib(btGjkPairDetector.obj)' or at 'C:\Users\james\Documents\Visual Studio 2015\Projects\BGE-master\Debug\BulletCollision_vs2010_debug.pdb'; linking object as if no debug info
BulletCollision_vs2010_debug.lib(btMinkowskiPenetrationDepthSolver.obj) : warning LNK4099: PDB 'BulletCollision_vs2010_debug.pdb' was not found with 'BulletCollision_vs2010_debug.lib(btMinkowskiPenetrationDepthSolver.obj)' or at 'C:\Users\james\Documents\Visual Studio 2015\Projects\BGE-master\Debug\BulletCollision_vs2010_debug.pdb'; linking object as if no debug info
BulletCollision_vs2010_debug.lib(btPersistentManifold.obj) : warning LNK4099: PDB 'BulletCollision_vs2010_debug.pdb' was not found with 'BulletCollision_vs2010_debug.lib(btPersistentManifold.obj)' or at 'C:\Users\james\Documents\Visual Studio 2015\Projects\BGE-master\Debug\BulletCollision_vs2010_debug.pdb'; linking object as if no debug info
BulletCollision_vs2010_debug.lib(btPolyhedralContactClipping.obj) : warning LNK4099: PDB 'BulletCollision_vs2010_debug.pdb' was not found with 'BulletCollision_vs2010_debug.lib(btPolyhedralContactClipping.obj)' or at 'C:\Users\james\Documents\Visual Studio 2015\Projects\BGE-master\Debug\BulletCollision_vs2010_debug.pdb'; linking object as if no debug info
BulletCollision_vs2010_debug.lib(btRaycastCallback.obj) : warning LNK4099: PDB 'BulletCollision_vs2010_debug.pdb' was not found with 'BulletCollision_vs2010_debug.lib(btRaycastCallback.obj)' or at 'C:\Users\james\Documents\Visual Studio 2015\Projects\BGE-master\Debug\BulletCollision_vs2010_debug.pdb'; linking object as if no debug info
BulletCollision_vs2010_debug.lib(btSubSimplexConvexCast.obj) : warning LNK4099: PDB 'BulletCollision_vs2010_debug.pdb' was not found with 'BulletCollision_vs2010_debug.lib(btSubSimplexConvexCast.obj)' or at 'C:\Users\james\Documents\Visual Studio 2015\Projects\BGE-master\Debug\BulletCollision_vs2010_debug.pdb'; linking object as if no debug info
BulletCollision_vs2010_debug.lib(btVoronoiSimplexSolver.obj) : warning LNK4099: PDB 'BulletCollision_vs2010_debug.pdb' was not found with 'BulletCollision_vs2010_debug.lib(btVoronoiSimplexSolver.obj)' or at 'C:\Users\james\Documents\Visual Studio 2015\Projects\BGE-master\Debug\BulletCollision_vs2010_debug.pdb'; linking object as if no debug info
BulletDynamics_vs2010_debug.lib(btDiscreteDynamicsWorld.obj) : warning LNK4099: PDB 'BulletDynamics_vs2010_debug.pdb' was not found with 'BulletDynamics_vs2010_debug.lib(btDiscreteDynamicsWorld.obj)' or at 'C:\Users\james\Documents\Visual Studio 2015\Projects\BGE-master\Debug\BulletDynamics_vs2010_debug.pdb'; linking object as if no debug info
BulletDynamics_vs2010_debug.lib(btRigidBody.obj) : warning LNK4099: PDB 'BulletDynamics_vs2010_debug.pdb' was not found with 'BulletDynamics_vs2010_debug.lib(btRigidBody.obj)' or at 'C:\Users\james\Documents\Visual Studio 2015\Projects\BGE-master\Debug\BulletDynamics_vs2010_debug.pdb'; linking object as if no debug info
BulletDynamics_vs2010_debug.lib(btConeTwistConstraint.obj) : warning LNK4099: PDB 'BulletDynamics_vs2010_debug.pdb' was not found with 'BulletDynamics_vs2010_debug.lib(btConeTwistConstraint.obj)' or at 'C:\Users\james\Documents\Visual Studio 2015\Projects\BGE-master\Debug\BulletDynamics_vs2010_debug.pdb'; linking object as if no debug info
BulletDynamics_vs2010_debug.lib(btGeneric6DofConstraint.obj) : warning LNK4099: PDB 'BulletDynamics_vs2010_debug.pdb' was not found with 'BulletDynamics_vs2010_debug.lib(btGeneric6DofConstraint.obj)' or at 'C:\Users\james\Documents\Visual Studio 2015\Projects\BGE-master\Debug\BulletDynamics_vs2010_debug.pdb'; linking object as if no debug info
BulletDynamics_vs2010_debug.lib(btHingeConstraint.obj) : warning LNK4099: PDB 'BulletDynamics_vs2010_debug.pdb' was not found with 'BulletDynamics_vs2010_debug.lib(btHingeConstraint.obj)' or at 'C:\Users\james\Documents\Visual Studio 2015\Projects\BGE-master\Debug\BulletDynamics_vs2010_debug.pdb'; linking object as if no debug info
BulletDynamics_vs2010_debug.lib(btPoint2PointConstraint.obj) : warning LNK4099: PDB 'BulletDynamics_vs2010_debug.pdb' was not found with 'BulletDynamics_vs2010_debug.lib(btPoint2PointConstraint.obj)' or at 'C:\Users\james\Documents\Visual Studio 2015\Projects\BGE-master\Debug\BulletDynamics_vs2010_debug.pdb'; linking object as if no debug info
BulletDynamics_vs2010_debug.lib(btSequentialImpulseConstraintSolver.obj) : warning LNK4099: PDB 'BulletDynamics_vs2010_debug.pdb' was not found with 'BulletDynamics_vs2010_debug.lib(btSequentialImpulseConstraintSolver.obj)' or at 'C:\Users\james\Documents\Visual Studio 2015\Projects\BGE-master\Debug\BulletDynamics_vs2010_debug.pdb'; linking object as if no debug info
BulletDynamics_vs2010_debug.lib(btSliderConstraint.obj) : warning LNK4099: PDB 'BulletDynamics_vs2010_debug.pdb' was not found with 'BulletDynamics_vs2010_debug.lib(btSliderConstraint.obj)' or at 'C:\Users\james\Documents\Visual Studio 2015\Projects\BGE-master\Debug\BulletDynamics_vs2010_debug.pdb'; linking object as if no debug info
BulletDynamics_vs2010_debug.lib(btTypedConstraint.obj) : warning LNK4099: PDB 'BulletDynamics_vs2010_debug.pdb' was not found with 'BulletDynamics_vs2010_debug.lib(btTypedConstraint.obj)' or at 'C:\Users\james\Documents\Visual Studio 2015\Projects\BGE-master\Debug\BulletDynamics_vs2010_debug.pdb'; linking object as if no debug info
LinearMath_vs2010_debug.lib(btAlignedAllocator.obj) : warning LNK4099: PDB 'LinearMath_vs2010_debug.pdb' was not found with 'LinearMath_vs2010_debug.lib(btAlignedAllocator.obj)' or at 'C:\Users\james\Documents\Visual Studio 2015\Projects\BGE-master\Debug\LinearMath_vs2010_debug.pdb'; linking object as if no debug info
LinearMath_vs2010_debug.lib(btConvexHullComputer.obj) : warning LNK4099: PDB 'LinearMath_vs2010_debug.pdb' was not found with 'LinearMath_vs2010_debug.lib(btConvexHullComputer.obj)' or at 'C:\Users\james\Documents\Visual Studio 2015\Projects\BGE-master\Debug\LinearMath_vs2010_debug.pdb'; linking object as if no debug info
LinearMath_vs2010_debug.lib(btGeometryUtil.obj) : warning LNK4099: PDB 'LinearMath_vs2010_debug.pdb' was not found with 'LinearMath_vs2010_debug.lib(btGeometryUtil.obj)' or at 'C:\Users\james\Documents\Visual Studio 2015\Projects\BGE-master\Debug\LinearMath_vs2010_debug.pdb'; linking object as if no debug info
LinearMath_vs2010_debug.lib(btVector3.obj) : warning LNK4099: PDB 'LinearMath_vs2010_debug.pdb' was not found with 'LinearMath_vs2010_debug.lib(btVector3.obj)' or at 'C:\Users\james\Documents\Visual Studio 2015\Projects\BGE-master\Debug\LinearMath_vs2010_debug.pdb'; linking object as if no debug info
  BGE.vcxproj -> C:\Users\james\Documents\Visual Studio 2015\Projects\BGE-master\Debug\BGE.exe
  BGE.vcxproj -> C:\Users\james\Documents\Visual Studio 2015\Projects\BGE-master\Debug\BGE.pdb (Full PDB)
