c:\users\shzhao\desktop\bge-master\bge\debug\vc140.pdb
c:\users\shzhao\desktop\bge-master\bge\debug\vc140.idb
c:\users\shzhao\desktop\bge-master\bge\debug\linedrawer.obj
c:\users\shzhao\desktop\bge-master\bge\debug\model.obj
c:\users\shzhao\desktop\bge-master\bge\debug\modeltest.obj
c:\users\shzhao\desktop\bge-master\bge\debug\motionstate.obj
c:\users\shzhao\desktop\bge-master\bge\debug\params.obj
c:\users\shzhao\desktop\bge-master\bge\debug\physicscamera.obj
c:\users\shzhao\desktop\bge-master\bge\debug\physicsfactory.obj
c:\users\shzhao\desktop\bge-master\bge\debug\physicsgame1.obj
c:\users\shzhao\desktop\bge-master\bge\debug\physicscontroller.obj
c:\users\shzhao\desktop\bge-master\bge\debug\riftcontroller.obj
c:\users\shzhao\desktop\bge-master\bge\debug\soundsystem.obj
c:\users\shzhao\desktop\bge-master\bge\debug\steerable3dcontroller.obj
c:\users\shzhao\desktop\bge-master\bge\debug\sphere.obj
c:\users\shzhao\desktop\bge-master\bge\debug\steeringcontroler.obj
c:\users\shzhao\desktop\bge-master\bge\debug\texturedcube.obj
c:\users\shzhao\desktop\bge-master\bge\debug\triangletest.obj
c:\users\shzhao\desktop\bge-master\bge\debug\vectordrawer.obj
c:\users\shzhao\desktop\bge-master\bge\debug\xboxcontroller.obj
c:\users\shzhao\desktop\bge-master\bge\debug\route.obj
c:\users\shzhao\desktop\bge-master\bge\debug\scenario.obj
c:\users\shzhao\desktop\bge-master\bge\debug\scenegraphgame.obj
c:\users\shzhao\desktop\bge-master\bge\debug\skeletonmapper.obj
c:\users\shzhao\desktop\bge-master\bge\debug\snoweffect.obj
c:\users\shzhao\desktop\bge-master\bge\debug\state.obj
c:\users\shzhao\desktop\bge-master\bge\debug\steeringgame.obj
c:\users\shzhao\desktop\bge-master\bge\debug\transform.obj
c:\users\shzhao\desktop\bge-master\bge\debug\utils.obj
c:\users\shzhao\desktop\bge-master\bge\debug\exception.obj
c:\users\shzhao\desktop\bge-master\bge\debug\box.obj
c:\users\shzhao\desktop\bge-master\bge\debug\camera.obj
c:\users\shzhao\desktop\bge-master\bge\debug\content.obj
c:\users\shzhao\desktop\bge-master\bge\debug\cubetest.obj
c:\users\shzhao\desktop\bge-master\bge\debug\cylinder.obj
c:\users\shzhao\desktop\bge-master\bge\debug\fpscontroller.obj
c:\users\shzhao\desktop\bge-master\bge\debug\game.obj
c:\users\shzhao\desktop\bge-master\bge\debug\gamecomponent.obj
c:\users\shzhao\desktop\bge-master\bge\debug\ground.obj
c:\users\shzhao\desktop\bge-master\bge\debug\kinematicmotionstate.obj
c:\users\shzhao\desktop\bge-master\bge\debug\attackingstate.obj
c:\users\shzhao\desktop\bge-master\bge\debug\buddha.obj
c:\users\shzhao\desktop\bge-master\bge\debug\capsule.obj
c:\users\shzhao\desktop\bge-master\bge\debug\flockingscenario.obj
c:\users\shzhao\desktop\bge-master\bge\debug\fountaineffect.obj
c:\users\shzhao\desktop\bge-master\bge\debug\idlestate.obj
c:\users\shzhao\desktop\bge-master\bge\debug\kinectaudiostream.obj
c:\users\shzhao\desktop\bge-master\bge\debug\lab3.obj
c:\users\shzhao\desktop\bge-master\bge\debug\lazerbeam.obj
c:\users\shzhao\desktop\bge-master\bge\debug\obstacleavoidancescenario.obj
c:\users\shzhao\desktop\bge-master\bge\debug\particle.obj
c:\users\shzhao\desktop\bge-master\bge\debug\particleeffect.obj
c:\users\shzhao\desktop\bge-master\bge\debug\pathfollowingscenario.obj
c:\users\shzhao\desktop\bge-master\bge\debug\physicsdrawer.obj
c:\users\shzhao\desktop\bge-master\bge\debug\bge.tlog\cl.command.1.tlog
c:\users\shzhao\desktop\bge-master\bge\debug\bge.tlog\cl.read.1.tlog
c:\users\shzhao\desktop\bge-master\bge\debug\bge.tlog\cl.write.1.tlog
